{"C:\\Projects\\SolidPrinciples\\SingleResponsibilityGood.ts": {"path":"C:\\Projects\\SolidPrinciples\\SingleResponsibilityGood.ts","statementMap":{"0":{"start":{"line":2,"column":0},"end":{"line":2,"column":62}},"1":{"start":{"line":6,"column":8},"end":{"line":6,"column":25}},"2":{"start":{"line":7,"column":8},"end":{"line":7,"column":37}},"3":{"start":{"line":8,"column":8},"end":{"line":8,"column":55}},"4":{"start":{"line":9,"column":8},"end":{"line":9,"column":23}},"5":{"start":{"line":12,"column":0},"end":{"line":12,"column":32}},"6":{"start":{"line":15,"column":8},"end":{"line":15,"column":33}},"7":{"start":{"line":16,"column":8},"end":{"line":16,"column":39}},"8":{"start":{"line":17,"column":8},"end":{"line":17,"column":49}},"9":{"start":{"line":20,"column":23},"end":{"line":20,"column":51}},"10":{"start":{"line":21,"column":29},"end":{"line":21,"column":67}},"11":{"start":{"line":22,"column":25},"end":{"line":22,"column":59}},"12":{"start":{"line":23,"column":8},"end":{"line":23,"column":54}},"13":{"start":{"line":26,"column":8},"end":{"line":26,"column":59}},"14":{"start":{"line":29,"column":8},"end":{"line":29,"column":60}},"15":{"start":{"line":32,"column":8},"end":{"line":32,"column":44}},"16":{"start":{"line":35,"column":0},"end":{"line":35,"column":26}},"17":{"start":{"line":38,"column":8},"end":{"line":38,"column":33}},"18":{"start":{"line":39,"column":8},"end":{"line":39,"column":31}},"19":{"start":{"line":42,"column":8},"end":{"line":42,"column":105}},"20":{"start":{"line":45,"column":0},"end":{"line":45,"column":26}},"21":{"start":{"line":47,"column":13},"end":{"line":47,"column":47}},"22":{"start":{"line":48,"column":21},"end":{"line":48,"column":42}},"23":{"start":{"line":49,"column":24},"end":{"line":49,"column":55}},"24":{"start":{"line":50,"column":0},"end":{"line":50,"column":30}}},"fnMap":{"0":{"name":"(anonymous_0)","decl":{"start":{"line":5,"column":4},"end":{"line":5,"column":5}},"loc":{"start":{"line":5,"column":60},"end":{"line":10,"column":5}},"line":5},"1":{"name":"(anonymous_1)","decl":{"start":{"line":14,"column":4},"end":{"line":14,"column":5}},"loc":{"start":{"line":14,"column":39},"end":{"line":18,"column":5}},"line":14},"2":{"name":"(anonymous_2)","decl":{"start":{"line":19,"column":4},"end":{"line":19,"column":5}},"loc":{"start":{"line":19,"column":26},"end":{"line":24,"column":5}},"line":19},"3":{"name":"(anonymous_3)","decl":{"start":{"line":25,"column":4},"end":{"line":25,"column":5}},"loc":{"start":{"line":25,"column":28},"end":{"line":27,"column":5}},"line":25},"4":{"name":"(anonymous_4)","decl":{"start":{"line":28,"column":4},"end":{"line":28,"column":5}},"loc":{"start":{"line":28,"column":38},"end":{"line":30,"column":5}},"line":28},"5":{"name":"(anonymous_5)","decl":{"start":{"line":31,"column":4},"end":{"line":31,"column":5}},"loc":{"start":{"line":31,"column":34},"end":{"line":33,"column":5}},"line":31},"6":{"name":"(anonymous_6)","decl":{"start":{"line":37,"column":4},"end":{"line":37,"column":5}},"loc":{"start":{"line":37,"column":35},"end":{"line":40,"column":5}},"line":37},"7":{"name":"(anonymous_7)","decl":{"start":{"line":41,"column":4},"end":{"line":41,"column":5}},"loc":{"start":{"line":41,"column":18},"end":{"line":43,"column":5}},"line":41}},"branchMap":{},"s":{"0":1,"1":8,"2":8,"3":8,"4":8,"5":1,"6":7,"7":7,"8":7,"9":7,"10":7,"11":7,"12":7,"13":10,"14":8,"15":8,"16":1,"17":3,"18":3,"19":2,"20":1,"21":1,"22":1,"23":1,"24":1},"f":{"0":8,"1":7,"2":7,"3":10,"4":8,"5":8,"6":3,"7":2},"b":{},"inputSourceMap":{"version":3,"file":"SingleResponsibilityGood.js","sourceRoot":"","sources":["SingleResponsibilityGood.ts"],"names":[],"mappings":";;AAAA,gBAAgB;AAChB;IAMI,YAAY,IAAY,EAAE,UAAkB,EAAE,mBAA2B,EAAE,GAAW;QAClF,IAAI,CAAC,IAAI,GAAG,IAAI,CAAC;QACjB,IAAI,CAAC,UAAU,GAAG,UAAU,CAAC;QAC7B,IAAI,CAAC,mBAAmB,GAAG,mBAAmB,CAAC;QAC/C,IAAI,CAAC,GAAG,GAAG,GAAG,CAAC;IACnB,CAAC;CACJ;AAZD,gCAYC;AAED;IAKI,YAAY,QAAoB,EAAE,WAAmB;QACjD,IAAI,CAAC,QAAQ,GAAG,QAAQ,CAAC;QACzB,IAAI,CAAC,WAAW,GAAG,WAAW,CAAC;QAC/B,IAAI,CAAC,MAAM,GAAG,IAAI,CAAC,mBAAmB,EAAE,CAAC;IAC7C,CAAC;IAED,mBAAmB;QACf,IAAI,QAAQ,GAAW,IAAI,CAAC,qBAAqB,EAAE,CAAC;QACpD,IAAI,cAAc,GAAW,IAAI,CAAC,uBAAuB,CAAC,QAAQ,CAAC,CAAC;QACpE,IAAI,UAAU,GAAW,IAAI,CAAC,mBAAmB,CAAC,QAAQ,CAAC,CAAC;QAC5D,OAAO,QAAQ,GAAG,cAAc,GAAG,UAAU,CAAC;IAClD,CAAC;IAED,qBAAqB;QACjB,OAAO,IAAI,CAAC,QAAQ,CAAC,UAAU,GAAG,IAAI,CAAC,WAAW,CAAC;IACvD,CAAC;IAED,uBAAuB,CAAC,QAAQ;QAC5B,OAAO,QAAQ,GAAG,IAAI,CAAC,QAAQ,CAAC,mBAAmB,CAAC;IACxD,CAAC;IAED,mBAAmB,CAAC,QAAQ;QACxB,OAAO,QAAQ,GAAG,IAAI,CAAC,QAAQ,CAAC,GAAG,CAAC;IACxC,CAAC;CACJ;AA7BD,0BA6BC;AAED;IAII,YAAY,QAAoB,EAAE,OAAgB;QAC9C,IAAI,CAAC,QAAQ,GAAG,QAAQ,CAAC;QACzB,IAAI,CAAC,OAAO,GAAG,OAAO,CAAC;IAC3B,CAAC;IAED,WAAW;QACP,OAAO,CAAC,GAAG,CAAC,IAAI,CAAC,QAAQ,CAAC,IAAI,GAAG,sBAAsB,GAAG,IAAI,CAAC,OAAO,CAAC,MAAM,GAAG,eAAe,CAAC,CAAC;IACrG,CAAC;CACJ;AAZD,0BAYC;AAED,gBAAgB;AAChB,MAAM,IAAI,GAAG,IAAI,UAAU,CAAC,MAAM,EAAE,EAAE,EAAE,EAAE,EAAE,EAAE,CAAC,CAAC;AAChD,MAAM,YAAY,GAAG,IAAI,OAAO,CAAC,IAAI,EAAE,EAAE,CAAC,CAAC;AAC3C,MAAM,eAAe,GAAG,IAAI,OAAO,CAAC,IAAI,EAAE,YAAY,CAAC,CAAC;AACxD,eAAe,CAAC,WAAW,EAAE,CAAC","sourcesContent":["//Example - Good\r\nexport class EmployeeSR {\r\n    name: string;\r\n    payPerHour: number;\r\n    pensionContribution: number;\r\n    tax: number;\r\n\r\n    constructor(name: string, payPerHour: number, pensionContribution: number, tax: number) {\r\n        this.name = name;\r\n        this.payPerHour = payPerHour;\r\n        this.pensionContribution = pensionContribution;\r\n        this.tax = tax;\r\n    }\r\n}\r\n\r\nexport class Payment {\r\n    employee: EmployeeSR;\r\n    hoursWorked: number;\r\n    netPay: number;\r\n\r\n    constructor(employee: EmployeeSR, hoursWorked: number) {\r\n        this.employee = employee;\r\n        this.hoursWorked = hoursWorked;\r\n        this.netPay = this.calculateNetPayment();\r\n    }\r\n\r\n    calculateNetPayment(): number {\r\n        let grossPay: number = this.calculateGrossPayment();\r\n        let pensionPayment: number = this.calculatePensionPayment(grossPay);\r\n        let taxPayment: number = this.calculateTaxPayment(grossPay);\r\n        return grossPay - pensionPayment - taxPayment;\r\n    }\r\n\r\n    calculateGrossPayment(): number {\r\n        return this.employee.payPerHour * this.hoursWorked;\r\n    }\r\n\r\n    calculatePensionPayment(grossPay): number {\r\n        return grossPay / this.employee.pensionContribution;\r\n    }\r\n\r\n    calculateTaxPayment(grossPay): number {\r\n        return grossPay / this.employee.tax;\r\n    }\r\n}\r\n\r\nexport class Payroll {\r\n    employee: EmployeeSR;\r\n    payment: Payment;\r\n\r\n    constructor(employee: EmployeeSR, payment: Payment) {\r\n        this.employee = employee;\r\n        this.payment = payment;\r\n    }\r\n\r\n    payEmployee(): void {\r\n        console.log(this.employee.name + \"'s net payment was £\" + this.payment.netPay + \" send payslip\");\r\n    }\r\n}\r\n\r\n//Example - Good\r\nconst bill = new EmployeeSR(\"Bill\", 10, 10, 10);\r\nconst billsPayment = new Payment(bill, 37);\r\nconst employeePayroll = new Payroll(bill, billsPayment);\r\nemployeePayroll.payEmployee();\r\n"]},"_coverageSchema":"332fd63041d2c1bcb487cc26dd0d5f7d97098a6c","hash":"cea307c88a0f20204c8451f2c0aecb593de69f04"}
}
