TN:
SF:C:\Projects\SolidPrinciples\SingleResponsibilityGood.ts
FN:5,(anonymous_0)
FN:14,(anonymous_1)
FN:19,(anonymous_2)
FN:25,(anonymous_3)
FN:28,(anonymous_4)
FN:31,(anonymous_5)
FN:37,(anonymous_6)
FN:41,(anonymous_7)
FNF:8
FNH:8
FNDA:8,(anonymous_0)
FNDA:7,(anonymous_1)
FNDA:7,(anonymous_2)
FNDA:10,(anonymous_3)
FNDA:8,(anonymous_4)
FNDA:8,(anonymous_5)
FNDA:3,(anonymous_6)
FNDA:2,(anonymous_7)
DA:2,1
DA:6,8
DA:7,8
DA:8,8
DA:9,8
DA:12,1
DA:15,7
DA:16,7
DA:17,7
DA:20,7
DA:21,7
DA:22,7
DA:23,7
DA:26,10
DA:29,8
DA:32,8
DA:35,1
DA:38,3
DA:39,3
DA:42,2
DA:45,1
DA:47,1
DA:48,1
DA:49,1
DA:50,1
LF:25
LH:25
BRF:0
BRH:0
end_of_record
